<?xml version="1.0" encoding="UTF-8"?>
<!-- Generated by org.testng.reporters.JUnitReportReporter -->
<testsuite hostname="ImranS" name="com.roomchoice.TestScripts.LoginWithManager" tests="1" failures="0" timestamp="17 Jun 2015 09:13:41 GMT" time="9.835" errors="0">
  <testcase name="loginWithManager" time="9.835" classname="com.roomchoice.TestScripts.LoginWithManager"/>
</testsuite> <!-- com.roomchoice.TestScripts.LoginWithManager -->
