<?xml version="1.0" encoding="UTF-8"?>
<testsuite name="com.roomchoice.TestScripts.LoginWithManager" tests="1" skipped="0" failures="0" errors="0" timestamp="2015-06-17T11:46:58" hostname="ImranS" time="4.757">
  <properties/>
  <testcase name="loginWithManager" classname="com.roomchoice.TestScripts.LoginWithManager" time="4.757"/>
  <system-out><![CDATA[my app pass is:testing1234#
]]></system-out>
  <system-err><![CDATA[]]></system-err>
</testsuite>
